[2026-03-09T07:29:26.422Z]
COMMAND : unhandledRejection
ERROR   : TypeError: Cannot destructure property 'user' of 'jidDecode(...)' as it is undefined.
    at relayMessage (file:///C:/Users/LENOVO/Documents/Reszz%20bot/node_modules/@whiskeysockets/baileys/lib/Socket/messages-send.js:408:17)
    at Object.sendMessage (file:///C:/Users/LENOVO/Documents/Reszz%20bot/node_modules/@whiskeysockets/baileys/lib/Socket/messages-send.js:957:23)

[2026-03-09T07:37:34.861Z]
COMMAND : unhandledRejection
ERROR   : TypeError: Cannot destructure property 'user' of 'jidDecode(...)' as it is undefined.
    at relayMessage (file:///C:/Users/LENOVO/Documents/Reszz%20bot/node_modules/@whiskeysockets/baileys/lib/Socket/messages-send.js:408:17)
    at Object.sendMessage (file:///C:/Users/LENOVO/Documents/Reszz%20bot/node_modules/@whiskeysockets/baileys/lib/Socket/messages-send.js:957:23)

[2026-03-09T08:50:00.088Z]
COMMAND : ig
ERROR   : AxiosError: Request failed with status code 404
    at settle (C:\Users\LENOVO\Documents\Reszz bot\node_modules\axios\dist\node\axios.cjs:2304:7)
    at BrotliDecompress.handleStreamEnd (C:\Users\LENOVO\Documents\Reszz bot\node_modules\axios\dist\node\axios.cjs:3772:13)
    at BrotliDecompress.emit (node:events:508:28)
    at endReadableNT (node:internal/streams/readable:1729:12)
    at process.processTicksAndRejections (node:internal/process/task_queues:90:21)
    at Axios.request (C:\Users\LENOVO\Documents\Reszz bot\node_modules\axios\dist\node\axios.cjs:5110:41)
    at process.processTicksAndRejections (node:internal/process/task_queues:104:5)
    at async instagram (C:\Users\LENOVO\Documents\Reszz bot\system\downloaderEngine.js:16:13)
    at async Object.execute (C:\Users\LENOVO\Documents\Reszz bot\commands\downloader\ig.js:17:14)
    at async handler (C:\Users\LENOVO\Documents\Reszz bot\system\handler.js:60:1)

[2026-03-09T09:34:58.589Z]
COMMAND : ig
ERROR   : TypeError: instagram is not a function
    at Object.execute (C:\Users\LENOVO\Documents\Reszz bot\commands\downloader\ig.js:17:20)
    at handler (C:\Users\LENOVO\Documents\Reszz bot\system\handler.js:62:9)
    at EventEmitter.<anonymous> (C:\Users\LENOVO\Documents\Reszz bot\index.js:143:1)
    at EventEmitter.emit (node:events:508:28)
    at EventEmitter.<anonymous> (file:///C:/Users/LENOVO/Documents/Reszz%20bot/node_modules/@whiskeysockets/baileys/lib/Utils/event-buffer.js:37:16)
    at EventEmitter.emit (node:events:508:28)
    at Object.flush (file:///C:/Users/LENOVO/Documents/Reszz%20bot/node_modules/@whiskeysockets/baileys/lib/Utils/event-buffer.js:89:16)
    at processNodeWithBuffer (file:///C:/Users/LENOVO/Documents/Reszz%20bot/node_modules/@whiskeysockets/baileys/lib/Socket/messages-recv.js:1164:12)
    at async processNode (file:///C:/Users/LENOVO/Documents/Reszz%20bot/node_modules/@whiskeysockets/baileys/lib/Socket/messages-recv.js:1207:13)
    at async WebSocketClient.<anonymous> (file:///C:/Users/LENOVO/Documents/Reszz%20bot/node_modules/@whiskeysockets/baileys/lib/Socket/messages-recv.js:1212:9)

[2026-03-09T10:14:47.340Z]
COMMAND : play
ERROR   : Error: Command Timeout
    at Timeout._onTimeout (C:\Users\LENOVO\Documents\Reszz bot\system\handler.js:65:24)
    at listOnTimeout (node:internal/timers:605:17)
    at process.processTimers (node:internal/timers:541:7)

[2026-03-09T10:40:07.136Z]
COMMAND : dl
ERROR   : Error: Command Timeout
    at Timeout._onTimeout (C:\Users\LENOVO\Documents\Reszz bot\system\handler.js:65:24)
    at listOnTimeout (node:internal/timers:605:17)
    at process.processTimers (node:internal/timers:541:7)

[2026-03-09T10:41:26.855Z]
COMMAND : play
ERROR   : Error: Command Timeout
    at Timeout._onTimeout (C:\Users\LENOVO\Documents\Reszz bot\system\handler.js:65:24)
    at listOnTimeout (node:internal/timers:605:17)
    at process.processTimers (node:internal/timers:541:7)

[2026-03-09T10:49:20.994Z]
COMMAND : play
ERROR   : Error: Command Timeout
    at Timeout._onTimeout (C:\Users\LENOVO\Documents\Reszz bot\system\handler.js:65:24)
    at listOnTimeout (node:internal/timers:605:17)
    at process.processTimers (node:internal/timers:541:7)

[2026-03-09T10:54:11.814Z]
COMMAND : play
ERROR   : Error: Command Timeout
    at Timeout._onTimeout (C:\Users\LENOVO\Documents\Reszz bot\system\handler.js:65:24)
    at listOnTimeout (node:internal/timers:605:17)
    at process.processTimers (node:internal/timers:541:7)

[2026-03-09T10:57:31.551Z]
COMMAND : play
ERROR   : Error: Command Timeout
    at Timeout._onTimeout (C:\Users\LENOVO\Documents\Reszz bot\system\handler.js:65:24)
    at listOnTimeout (node:internal/timers:605:17)
    at process.processTimers (node:internal/timers:541:7)

[2026-03-09T11:01:23.238Z]
COMMAND : dl
ERROR   : Error: Command Timeout
    at Timeout._onTimeout (C:\Users\LENOVO\Documents\Reszz bot\system\handler.js:65:24)
    at listOnTimeout (node:internal/timers:605:17)
    at process.processTimers (node:internal/timers:541:7)

[2026-03-09T11:03:53.428Z]
COMMAND : dl
ERROR   : Error: Command Timeout
    at Timeout._onTimeout (C:\Users\LENOVO\Documents\Reszz bot\system\handler.js:65:24)
    at listOnTimeout (node:internal/timers:605:17)
    at process.processTimers (node:internal/timers:541:7)

[2026-03-09T12:02:22.555Z]
COMMAND : restart
ERROR   : TypeError: Cannot destructure property 'user' of 'jidDecode(...)' as it is undefined.
    at relayMessage (file:///C:/Users/LENOVO/Documents/Reszz%20bot/node_modules/@whiskeysockets/baileys/lib/Socket/messages-send.js:408:17)
    at Object.sendMessage (file:///C:/Users/LENOVO/Documents/Reszz%20bot/node_modules/@whiskeysockets/baileys/lib/Socket/messages-send.js:957:23)
    at async handler (C:\Users\LENOVO\Documents\Reszz bot\system\handler.js:60:1)

[2026-03-09T12:06:25.012Z]
COMMAND : restart
ERROR   : TypeError: Cannot destructure property 'user' of 'jidDecode(...)' as it is undefined.
    at relayMessage (file:///C:/Users/LENOVO/Documents/Reszz%20bot/node_modules/@whiskeysockets/baileys/lib/Socket/messages-send.js:408:17)
    at Object.sendMessage (file:///C:/Users/LENOVO/Documents/Reszz%20bot/node_modules/@whiskeysockets/baileys/lib/Socket/messages-send.js:957:23)
    at async handler (C:\Users\LENOVO\Documents\Reszz bot\system\handler.js:60:1)

