[2026-03-09T07:29:15.097Z] rpg : 11ms
[2026-03-09T07:29:26.414Z] rpg : 7ms
[2026-03-09T07:37:24.220Z] rpg : 15ms
[2026-03-09T07:37:34.856Z] rpg : 5ms
[2026-03-09T07:42:44.683Z] rpg : 23ms
[2026-03-09T07:49:30.450Z] rpg : 10ms
[2026-03-09T07:49:44.074Z] rpg : 6ms
[2026-03-09T07:50:07.028Z] rpg : 3ms
[2026-03-09T07:57:01.154Z] rpg : 4ms
[2026-03-09T08:07:34.846Z] rpg : 11ms
[2026-03-09T08:08:32.355Z] rpg : 25ms
[2026-03-09T08:39:05.037Z] menu : 662ms
[2026-03-09T08:40:09.398Z] ig : 58ms
[2026-03-09T10:01:28.543Z] dl : 793ms
[2026-03-09T10:15:26.295Z] dl : 7775ms
[2026-03-09T10:45:37.574Z] dl : 8882ms
[2026-03-09T10:47:57.659Z] menu : 21ms
[2026-03-09T10:48:03.112Z] rpg : 2ms
[2026-03-09T10:59:30.343Z] dl : 5772ms
[2026-03-09T11:05:40.041Z] dl : 5606ms
[2026-03-09T11:07:07.590Z] dl : 5623ms
[2026-03-09T11:07:40.335Z] dl : 4343ms
[2026-03-09T11:48:55.466Z] restart : 608ms
[2026-03-09T11:53:14.432Z] play : 3104ms
[2026-03-09T11:54:26.965Z] restart : 796ms
[2026-03-09T12:07:32.047Z] rpg : 7ms
[2026-03-09T12:08:37.243Z] rpg : 1ms
[2026-03-09T12:09:25.059Z] rpg : 4ms
[2026-03-09T12:11:08.981Z] rpg : 2ms
[2026-03-09T12:11:48.013Z] rpg : 6ms
[2026-03-09T12:12:04.355Z] rpg : 1ms
[2026-03-09T12:12:54.249Z] rpg : 2ms
[2026-03-09T12:13:38.587Z] rpg : 1ms
[2026-03-09T12:14:24.351Z] rpg : 5ms
[2026-03-09T12:15:32.024Z] rpg : 4ms
